2024-09-08 18:43:10 - Logging - INFO - Importando contatos...
2024-09-08 18:43:10 - Logging - INFO - Processando contatos...
2024-09-08 18:43:10 - Logging - INFO - Buscando nome...
2024-09-08 18:43:10 - Logging - INFO - Telefone encontrado!
2024-09-08 18:45:11 - __main__ - INFO - Importando contatos...
2024-09-08 18:45:11 - __main__ - INFO - Processando contatos...
2024-09-08 18:45:11 - __main__ - INFO - Buscando nome...
2024-09-08 18:45:11 - __main__ - INFO - Telefone encontrado!
2024-09-08 18:46:03 - __main__ - INFO - Importando contatos...
2024-09-08 18:46:03 - __main__ - INFO - Processando contatos...
2024-09-08 18:46:03 - __main__ - INFO - Nomes existentes: ['alice brown', 'benjamin davis', 'catherine evans', 'daniel foster', 'emily green', 'frank harris', 'grace johnson', 'henry king']
2024-09-08 18:46:03 - __main__ - INFO - Buscando nome...
2024-09-08 18:46:03 - __main__ - INFO - Telefone encontrado!
2024-09-08 18:48:38 - __main__ - INFO - Importando contatos...
2024-09-08 18:48:38 - __main__ - INFO - Processando contatos...
2024-09-08 18:48:38 - __main__ - INFO - Nomes existentes: ['alice brown', 'benjamin davis', 'catherine evans', 'daniel foster', 'emily green', 'frank harris', 'grace johnson', 'henry king']
2024-09-08 18:48:38 - __main__ - INFO - Buscando nome...
2024-09-08 18:48:38 - __main__ - INFO - Foram necessários 7 passos.
2024-09-08 18:48:38 - __main__ - INFO - Telefone encontrado!
2024-09-08 18:50:30 - __main__ - INFO - Importando contatos...
2024-09-08 18:50:30 - __main__ - INFO - Processando contatos...
2024-09-08 18:50:30 - __main__ - INFO - Nomes existentes: ['alice brown', 'benjamin davis', 'catherine evans', 'daniel foster', 'emily green', 'frank harris', 'grace johnson', 'henry king']
2024-09-08 18:50:30 - __main__ - INFO - Buscando nome...
2024-09-08 18:50:30 - __main__ - INFO - Foram necessários 8 passos.
2024-09-08 18:50:30 - __main__ - ERROR - Function Error: Não foi possível encontrar o nome.
2024-09-08 18:50:30 - __main__ - ERROR - Não foi possível encontrar o nome desejado
